{"level":30,"time":1720017007383,"pid":81312,"hostname":"Dions-MacBook-Pro.local","name":"Log System","msg":"DB Query : \n      SELECT \n          title,\n          sku,\n          image, \n          price, \n          stock \n      FROM products \n      WHERE 1=1\n     LIMIT $1 OFFSET $2 [10,0]"}
{"level":30,"time":1720017007435,"pid":81312,"hostname":"Dions-MacBook-Pro.local","name":"Log System","msg":"DB Query : SELECT COUNT(*) as total FROM products WHERE 1=1 []"}
{"level":30,"time":1720017040063,"pid":81685,"hostname":"Dions-MacBook-Pro.local","name":"Log System","msg":"DB Query : \n      SELECT \n          tite,\n          sku,\n          image, \n          price, \n          stock \n      FROM products \n      WHERE 1=1\n     LIMIT $1 OFFSET $2 [10,0]"}
{"level":50,"time":1720017040081,"pid":81685,"hostname":"Dions-MacBook-Pro.local","name":"Log System","msg":"Postgres Query Error : 42703 - {\"length\":165,\"name\":\"error\",\"severity\":\"ERROR\",\"code\":\"42703\",\"hint\":\"Perhaps you meant to reference the column \\\"products.title\\\".\",\"position\":\"26\",\"file\":\"parse_relation.c\",\"line\":\"3599\",\"routine\":\"errorMissingColumn\"}"}
{"level":30,"time":1720017040082,"pid":81685,"hostname":"Dions-MacBook-Pro.local","name":"Log System","msg":"DB Query : SELECT COUNT(*) as total FROM products WHERE 1=1 []"}
{"level":30,"time":1720017205632,"pid":83355,"hostname":"Dions-MacBook-Pro.local","name":"Log System","msg":"DB Query : \n      SELECT \n          title,\n          sku,\n          image, \n          price, \n          stock \n      FROM products \n      WHERE 1=1\n     LIMIT $1 OFFSET $2 [10,0]"}
{"level":30,"time":1720017205682,"pid":83355,"hostname":"Dions-MacBook-Pro.local","name":"Log System","msg":"DB Query : SELECT COUNT(*) as total FROM products WHERE 1=1 []"}
{"level":30,"time":1720017311239,"pid":84507,"hostname":"Dions-MacBook-Pro.local","name":"Log System","msg":"DB Query : \n      SELECT \n          title,\n          sku,\n          image, \n          price, \n          stock \n      FROM products \n      WHERE 1=1\n     LIMIT $1 OFFSET $2 [10,0]"}
{"level":30,"time":1720017311280,"pid":84507,"hostname":"Dions-MacBook-Pro.local","name":"Log System","msg":"DB Query : SELECT COUNT(*) as total FROM products WHERE 1=1 []"}
{"level":30,"time":1720017343571,"pid":84873,"hostname":"Dions-MacBook-Pro.local","name":"Log System","msg":"DB Query : \n      SELECT \n          title,\n          sku,\n          image, \n          price, \n          stock \n      FROM products \n      WHERE 1=1\n     LIMIT $1 OFFSET $2 [10,0]"}
{"level":30,"time":1720017343584,"pid":84873,"hostname":"Dions-MacBook-Pro.local","name":"Log System","msg":"DB Query : SELECT COUNT(*) as total FROM products WHERE 1=1 []"}
{"level":30,"time":1720017408957,"pid":85586,"hostname":"Dions-MacBook-Pro.local","name":"Log System","msg":"DB Query : \n      SELECT \n          title,\n          sku,\n          image, \n          price, \n          stock \n      FROM products \n      WHERE 1=1\n     LIMIT $1 OFFSET $2 [10,0]"}
{"level":30,"time":1720017408982,"pid":85586,"hostname":"Dions-MacBook-Pro.local","name":"Log System","msg":"DB Query : SELECT COUNT(*) as total FROM products WHERE 1=1 []"}
{"level":30,"time":1720017427641,"pid":85824,"hostname":"Dions-MacBook-Pro.local","name":"Log System","msg":"DB Query : \n      SELECT \n          tite,\n          sku,\n          image, \n          price, \n          stock \n      FROM products \n      WHERE 1=1\n     LIMIT $1 OFFSET $2 [10,0]"}
{"level":50,"time":1720017427667,"pid":85824,"hostname":"Dions-MacBook-Pro.local","name":"Log System","msg":"Postgres Query Error : 42703 - {\"length\":165,\"name\":\"error\",\"severity\":\"ERROR\",\"code\":\"42703\",\"hint\":\"Perhaps you meant to reference the column \\\"products.title\\\".\",\"position\":\"26\",\"file\":\"parse_relation.c\",\"line\":\"3599\",\"routine\":\"errorMissingColumn\"}"}
{"level":30,"time":1720017427667,"pid":85824,"hostname":"Dions-MacBook-Pro.local","name":"Log System","msg":"DB Query : SELECT COUNT(*) as total FROM products WHERE 1=1 []"}
{"level":30,"time":1720017540862,"pid":86950,"hostname":"Dions-MacBook-Pro.local","name":"Log System","msg":"DB Query : \n      SELECT \n          tite,\n          sku,\n          image, \n          price, \n          stock \n      FROM products \n      WHERE 1=1\n     LIMIT $1 OFFSET $2 [10,0]"}
{"level":50,"time":1720017540876,"pid":86950,"hostname":"Dions-MacBook-Pro.local","name":"Log System","msg":"Postgres Query Error : 42703 - {\"length\":165,\"name\":\"error\",\"severity\":\"ERROR\",\"code\":\"42703\",\"hint\":\"Perhaps you meant to reference the column \\\"products.title\\\".\",\"position\":\"26\",\"file\":\"parse_relation.c\",\"line\":\"3599\",\"routine\":\"errorMissingColumn\"}"}
{"level":30,"time":1720017540876,"pid":86950,"hostname":"Dions-MacBook-Pro.local","name":"Log System","msg":"DB Query : SELECT COUNT(*) as total FROM products WHERE 1=1 []"}
{"level":30,"time":1720017555947,"pid":87155,"hostname":"Dions-MacBook-Pro.local","name":"Log System","msg":"DB Query : \n      SELECT \n          title,\n          sku,\n          image, \n          price, \n          stock \n      FROM products \n      WHERE 1=1\n     LIMIT $1 OFFSET $2 [10,0]"}
{"level":30,"time":1720017555960,"pid":87155,"hostname":"Dions-MacBook-Pro.local","name":"Log System","msg":"DB Query : SELECT COUNT(*) as total FROM products WHERE 1=1 []"}
{"level":30,"time":1720017556966,"pid":87155,"hostname":"Dions-MacBook-Pro.local","name":"Log System","msg":"DB Query : \n      SELECT \n          title,\n          sku,\n          image, \n          price, \n          stock \n      FROM products \n      WHERE 1=1\n     LIMIT $1 OFFSET $2 [10,0]"}
{"level":30,"time":1720017556969,"pid":87155,"hostname":"Dions-MacBook-Pro.local","name":"Log System","msg":"DB Query : SELECT COUNT(*) as total FROM products WHERE 1=1 []"}
{"level":30,"time":1720017625845,"pid":87937,"hostname":"Dions-MacBook-Pro.local","name":"Log System","msg":"DB Query : \n      SELECT \n          title,\n          sku,\n          image, \n          price, \n          stock \n      FROM products \n      WHERE 1=1\n     LIMIT $1 OFFSET $2 [10,0]"}
{"level":30,"time":1720017625855,"pid":87937,"hostname":"Dions-MacBook-Pro.local","name":"Log System","msg":"DB Query : SELECT COUNT(*) as total FROM products WHERE 1=1 []"}
{"level":30,"time":1720018436120,"pid":96526,"hostname":"Dions-MacBook-Pro.local","name":"Log System","msg":"DB Query : \n      SELECT \n          title,\n          sku,\n          image, \n          price, \n          stock \n      FROM products \n      WHERE 1=1\n     LIMIT $1 OFFSET $2 [10,0]"}
{"level":30,"time":1720018436148,"pid":96526,"hostname":"Dions-MacBook-Pro.local","name":"Log System","msg":"DB Query : SELECT COUNT(*) as total FROM products WHERE 1=1 []"}
{"level":30,"time":1720018443508,"pid":96526,"hostname":"Dions-MacBook-Pro.local","name":"Log System","msg":"DB Query : \n      SELECT \n          title,\n          sku,\n          image, \n          price, \n          stock \n      FROM products \n      WHERE 1=1\n     LIMIT $1 OFFSET $2 [10,0]"}
{"level":30,"time":1720018443511,"pid":96526,"hostname":"Dions-MacBook-Pro.local","name":"Log System","msg":"DB Query : SELECT COUNT(*) as total FROM products WHERE 1=1 []"}
{"level":30,"time":1720018444229,"pid":96526,"hostname":"Dions-MacBook-Pro.local","name":"Log System","msg":"DB Query : \n      SELECT \n          title,\n          sku,\n          image, \n          price, \n          stock \n      FROM products \n      WHERE 1=1\n     LIMIT $1 OFFSET $2 [10,0]"}
{"level":30,"time":1720018444231,"pid":96526,"hostname":"Dions-MacBook-Pro.local","name":"Log System","msg":"DB Query : SELECT COUNT(*) as total FROM products WHERE 1=1 []"}
{"level":30,"time":1720018484877,"pid":97089,"hostname":"Dions-MacBook-Pro.local","name":"Log System","msg":"DB Query : \n      SELECT \n          title,\n          sku,\n          image, \n          price, \n          stock \n      FROM products \n      WHERE 1=1\n     LIMIT $1 OFFSET $2 [10,0]"}
{"level":30,"time":1720018484901,"pid":97089,"hostname":"Dions-MacBook-Pro.local","name":"Log System","msg":"DB Query : SELECT COUNT(*) as total FROM products WHERE 1=1 []"}
{"level":30,"time":1720018516134,"pid":97406,"hostname":"Dions-MacBook-Pro.local","name":"Log System","msg":"DB Query : \n      SELECT \n          title,\n          sku,\n          image, \n          price, \n          stock \n      FROM products \n      WHERE 1=1\n     LIMIT $1 OFFSET $2 [10,0]"}
{"level":30,"time":1720018516143,"pid":97406,"hostname":"Dions-MacBook-Pro.local","name":"Log System","msg":"DB Query : SELECT COUNT(*) as total FROM products WHERE 1=1 []"}
{"level":30,"time":1720018517062,"pid":97406,"hostname":"Dions-MacBook-Pro.local","name":"Log System","msg":"DB Query : \n      SELECT \n          title,\n          sku,\n          image, \n          price, \n          stock \n      FROM products \n      WHERE 1=1\n     LIMIT $1 OFFSET $2 [10,0]"}
{"level":30,"time":1720018517064,"pid":97406,"hostname":"Dions-MacBook-Pro.local","name":"Log System","msg":"DB Query : SELECT COUNT(*) as total FROM products WHERE 1=1 []"}
{"level":30,"time":1720018592891,"pid":98246,"hostname":"Dions-MacBook-Pro.local","name":"Log System","msg":"DB Query : \n      SELECT \n          title,\n          sku,\n          image, \n          price, \n          stock \n      FROM products \n      WHERE 1=1\n     LIMIT $1 OFFSET $2 [10,0]"}
{"level":30,"time":1720018592936,"pid":98246,"hostname":"Dions-MacBook-Pro.local","name":"Log System","msg":"DB Query : SELECT COUNT(*) as total FROM products WHERE 1=1 []"}
{"level":30,"time":1720018593783,"pid":98246,"hostname":"Dions-MacBook-Pro.local","name":"Log System","msg":"DB Query : \n      SELECT \n          title,\n          sku,\n          image, \n          price, \n          stock \n      FROM products \n      WHERE 1=1\n     LIMIT $1 OFFSET $2 [10,0]"}
{"level":30,"time":1720018593785,"pid":98246,"hostname":"Dions-MacBook-Pro.local","name":"Log System","msg":"DB Query : SELECT COUNT(*) as total FROM products WHERE 1=1 []"}
{"level":30,"time":1720018619218,"pid":98586,"hostname":"Dions-MacBook-Pro.local","name":"Log System","msg":"DB Query : \n      SELECT \n          title,\n          sku,\n          image, \n          price, \n          stock \n      FROM products \n      WHERE 1=1\n     LIMIT $1 OFFSET $2 [10,0]"}
{"level":30,"time":1720018619251,"pid":98586,"hostname":"Dions-MacBook-Pro.local","name":"Log System","msg":"DB Query : SELECT COUNT(*) as total FROM products WHERE 1=1 []"}
{"level":30,"time":1720018637688,"pid":98790,"hostname":"Dions-MacBook-Pro.local","name":"Log System","msg":"DB Query : \n      SELECT \n          title,\n          sku,\n          image, \n          price, \n          stock \n      FROM products \n      WHERE 1=1\n     LIMIT $1 OFFSET $2 [10,0]"}
{"level":30,"time":1720018637699,"pid":98790,"hostname":"Dions-MacBook-Pro.local","name":"Log System","msg":"DB Query : SELECT COUNT(*) as total FROM products WHERE 1=1 []"}
{"level":30,"time":1720018853640,"pid":1439,"hostname":"Dions-MacBook-Pro.local","name":"Log System","msg":"DB Query : \n      SELECT \n          title,\n          sku,\n          image, \n          price, \n          stock,\n          description\n      FROM products\n      WHERE id = $1\n     [\"1\"]"}
{"level":30,"time":1720018900956,"pid":1978,"hostname":"Dions-MacBook-Pro.local","name":"Log System","msg":"DB Query : \n      SELECT \n          title,\n          sku,\n          image, \n          price, \n          stock,\n          description\n      FROM products\n      WHERE id = $1\n     [\"1\"]"}
{"level":30,"time":1720018926770,"pid":2262,"hostname":"Dions-MacBook-Pro.local","name":"Log System","msg":"DB Query : \n      SELECT \n          title,\n          sku,\n          image, \n          price, \n          stock,\n          description\n      FROM products\n      WHERE id = $1\n     [\"1\"]"}
{"level":30,"time":1720018933327,"pid":2323,"hostname":"Dions-MacBook-Pro.local","name":"Log System","msg":"DB Query : \n      SELECT \n          title,\n          sku,\n          image, \n          price, \n          stock,\n          description\n      FROM products\n      WHERE id = $1\n     [\"1\"]"}
{"level":30,"time":1720018957242,"pid":2573,"hostname":"Dions-MacBook-Pro.local","name":"Log System","msg":"DB Query : \n      SELECT \n          title,\n          sku,\n          image, \n          price, \n          stock,\n          description\n      FROM products\n      WHERE id = $1\n     [\"1\"]"}
{"level":30,"time":1720018994317,"pid":2963,"hostname":"Dions-MacBook-Pro.local","name":"Log System","msg":"DB Query : \n      SELECT \n          title,\n          sku,\n          image, \n          price, \n          stock,\n          description\n      FROM products\n      WHERE id = $1\n     [\"1\"]"}
{"level":30,"time":1720019355592,"pid":6554,"hostname":"Dions-MacBook-Pro.local","name":"Log System","msg":"DB Query : \n      SELECT \n          title,\n          sku,\n          image, \n          price, \n          stock,\n          description\n      FROM products\n      WHERE id = $1\n     [\"1\"]"}
{"level":30,"time":1720019389385,"pid":6891,"hostname":"Dions-MacBook-Pro.local","name":"Log System","msg":"DB Query : \n      SELECT \n          title,\n          sku,\n          image, \n          price, \n          stock,\n          description\n      FROM products\n      WHERE id = $1\n     [\"1\"]"}
{"level":30,"time":1720019428177,"pid":7293,"hostname":"Dions-MacBook-Pro.local","name":"Log System","msg":"DB Query : \n      SELECT \n          title,\n          sku,\n          image, \n          price, \n          stock,\n          description\n      FROM products\n      WHERE id = $1\n     [\"1\"]"}
{"level":30,"time":1720019443130,"pid":7450,"hostname":"Dions-MacBook-Pro.local","name":"Log System","msg":"DB Query : \n      SELECT \n          title,\n          sku,\n          image, \n          price, \n          stock,\n          description\n      FROM products\n      WHERE id = $1\n     [\"1\"]"}
{"level":30,"time":1720019444037,"pid":7450,"hostname":"Dions-MacBook-Pro.local","name":"Log System","msg":"DB Query : \n      SELECT \n          title,\n          sku,\n          image, \n          price, \n          stock,\n          description\n      FROM products\n      WHERE id = $1\n     [\"1\"]"}
{"level":30,"time":1720019444705,"pid":7450,"hostname":"Dions-MacBook-Pro.local","name":"Log System","msg":"DB Query : \n      SELECT \n          title,\n          sku,\n          image, \n          price, \n          stock,\n          description\n      FROM products\n      WHERE id = $1\n     [\"1\"]"}
{"level":30,"time":1720019445233,"pid":7450,"hostname":"Dions-MacBook-Pro.local","name":"Log System","msg":"DB Query : \n      SELECT \n          title,\n          sku,\n          image, \n          price, \n          stock,\n          description\n      FROM products\n      WHERE id = $1\n     [\"1\"]"}
{"level":30,"time":1720019445708,"pid":7450,"hostname":"Dions-MacBook-Pro.local","name":"Log System","msg":"DB Query : \n      SELECT \n          title,\n          sku,\n          image, \n          price, \n          stock,\n          description\n      FROM products\n      WHERE id = $1\n     [\"1\"]"}
{"level":30,"time":1720019446170,"pid":7450,"hostname":"Dions-MacBook-Pro.local","name":"Log System","msg":"DB Query : \n      SELECT \n          title,\n          sku,\n          image, \n          price, \n          stock,\n          description\n      FROM products\n      WHERE id = $1\n     [\"1\"]"}
{"level":30,"time":1720019454212,"pid":7586,"hostname":"Dions-MacBook-Pro.local","name":"Log System","msg":"DB Query : \n      SELECT \n          title,\n          sku,\n          image, \n          price, \n          stock,\n          description\n      FROM products\n      WHERE id = $1\n     [\"1\"]"}
{"level":30,"time":1720019455143,"pid":7586,"hostname":"Dions-MacBook-Pro.local","name":"Log System","msg":"DB Query : \n      SELECT \n          title,\n          sku,\n          image, \n          price, \n          stock,\n          description\n      FROM products\n      WHERE id = $1\n     [\"1\"]"}
{"level":30,"time":1720019456472,"pid":7586,"hostname":"Dions-MacBook-Pro.local","name":"Log System","msg":"DB Query : \n      SELECT \n          title,\n          sku,\n          image, \n          price, \n          stock,\n          description\n      FROM products\n      WHERE id = $1\n     [\"1\"]"}
{"level":30,"time":1720019466266,"pid":7718,"hostname":"Dions-MacBook-Pro.local","name":"Log System","msg":"DB Query : \n      SELECT \n          title,\n          sku,\n          image, \n          price, \n          stock,\n          description\n      FROM products\n      WHERE id = $1\n     [\"1\"]"}
{"level":30,"time":1720019487532,"pid":7969,"hostname":"Dions-MacBook-Pro.local","name":"Log System","msg":"DB Query : \n      SELECT \n          title,\n          sku,\n          image, \n          price, \n          stock,\n          description\n      FROM products\n      WHERE id = $1\n     [\"1\"]"}
{"level":30,"time":1720019543696,"pid":8547,"hostname":"Dions-MacBook-Pro.local","name":"Log System","msg":"DB Query : \n      SELECT \n          title,\n          sku,\n          image, \n          price, \n          stock,\n          description\n      FROM products\n      WHERE id = $1\n     [\"1\"]"}
{"level":30,"time":1720019544978,"pid":8547,"hostname":"Dions-MacBook-Pro.local","name":"Log System","msg":"DB Query : \n      SELECT \n          title,\n          sku,\n          image, \n          price, \n          stock,\n          description\n      FROM products\n      WHERE id = $1\n     [\"1\"]"}
{"level":30,"time":1720019570763,"pid":8853,"hostname":"Dions-MacBook-Pro.local","name":"Log System","msg":"DB Query : \n      SELECT \n          title,\n          sku,\n          image, \n          price, \n          stock,\n          description\n      FROM products\n      WHERE id = $1\n     [\"1\"]"}
{"level":30,"time":1720019572347,"pid":8853,"hostname":"Dions-MacBook-Pro.local","name":"Log System","msg":"DB Query : \n      SELECT \n          title,\n          sku,\n          image, \n          price, \n          stock,\n          description\n      FROM products\n      WHERE id = $1\n     [\"1\"]"}
{"level":30,"time":1720019755024,"pid":11137,"hostname":"Dions-MacBook-Pro.local","name":"Log System","msg":"DB Query : \n      SELECT \n          title,\n          sku,\n          image, \n          price, \n          stock,\n          description\n      FROM products\n      WHERE id = $1\n     [\"1\"]"}
{"level":30,"time":1720019760302,"pid":11137,"hostname":"Dions-MacBook-Pro.local","name":"Log System","msg":"DB Query : \n      SELECT \n          title,\n          sku,\n          image, \n          price, \n          stock \n      FROM products \n      WHERE 1=1\n     LIMIT $1 OFFSET $2 [10,0]"}
{"level":30,"time":1720019760306,"pid":11137,"hostname":"Dions-MacBook-Pro.local","name":"Log System","msg":"DB Query : SELECT COUNT(*) as total FROM products WHERE 1=1 []"}
{"level":30,"time":1720019798284,"pid":11638,"hostname":"Dions-MacBook-Pro.local","name":"Log System","msg":"DB Query : \n      SELECT \n          title,\n          sku,\n          image, \n          price, \n          stock \n      FROM products \n      WHERE 1=1\n     LIMIT $1 OFFSET $2 [10,0]"}
{"level":30,"time":1720019798298,"pid":11638,"hostname":"Dions-MacBook-Pro.local","name":"Log System","msg":"DB Query : SELECT COUNT(*) as total FROM products WHERE 1=1 []"}
{"level":30,"time":1720019800535,"pid":11638,"hostname":"Dions-MacBook-Pro.local","name":"Log System","msg":"DB Query : \n      SELECT \n          title,\n          sku,\n          image, \n          price, \n          stock,\n          description\n      FROM products\n      WHERE id = $1\n     [\"1\"]"}
